device: iMac19,1
feature: full (dual boot: windows)
submitted by: (auto-submitted, opt-in)
date: 2026-07-15

--- hardware ---
cpu: Intel(R) Core(TM) i3-8100 CPU @ 3.60GHz
cpu_generation: 8
cpu_codename: Coffee Lake
platform: desktop

igpu: Intel(R) UHD Graphics 630
dgpu: none

audio_codec: USB Audio Device
ethernet_chipset: rtl8111
wifi_chipset: 

touchpad_type: n/a
nvme: no
thunderbolt: no

--- result ---
hackmate_version: v2.0.0
macos_version: macOS Tahoe (26)
worked: build completed
issues: none
notes: auto-submitted at build completion — confirms the EFI/USB was generated without error, does not confirm the machine actually booted macOS successfully (HackMate exits before that point).
