device: MacBookPro15,2
feature: skip_format (dual boot: windows)
submitted by: (auto-submitted, opt-in)
date: 2026-07-15

--- hardware ---
cpu: Intel(R) Core(TM) i5-8250U CPU @ 1.60GHz
cpu_generation: 8
cpu_codename: Kaby Lake-R
platform: laptop

igpu: Intel(R) UHD Graphics 620
dgpu: none

audio_codec: Conexant ISST Audio
ethernet_chipset: rtl8111
wifi_chipset: realtek

touchpad_type: i2c
nvme: no
thunderbolt: no

--- result ---
hackmate_version: v2.0.0
macos_version: macOS Tahoe (26)
worked: build failed
issues: GitHub API rate limit exceeded (60 req/hr unauthenticated). Wait ~1 hour and rerun, or set a GITHUB_TOKEN environment variable.
notes: auto-submitted at build completion — confirms the EFI/USB was generated without error, does not confirm the machine actually booted macOS successfully (HackMate exits before that point).
