device: MacBookPro11,1
feature: no_usb
submitted by: (auto-submitted, opt-in)
date: 2026-07-14

--- hardware ---
cpu: Intel(R) Core(TM) i7-4700MQ CPU @ 2.40GHz
cpu_generation: 4
cpu_codename: Haswell
platform: laptop

igpu: Intel(R) HD Graphics 4600
dgpu: NVIDIA GeForce GT 740M (nvidia)

audio_codec: IDT High Definition Audio CODEC
ethernet_chipset: 
wifi_chipset: 

touchpad_type: ps2
nvme: no
thunderbolt: no

--- result ---
hackmate_version: v2.0.0
macos_version: macOS Big Sur (11)
worked: build completed
issues: none
notes: auto-submitted at build completion — confirms the EFI/USB was generated without error, does not confirm the machine actually booted macOS successfully (HackMate exits before that point).
