device: MacBookPro16,1
feature: repair
submitted by: (auto-submitted, opt-in)
date: 2026-07-15

--- hardware ---
cpu: Intel(R) Core(TM) i7-7700HQ CPU @ 2.80GHz
cpu_generation: 7
cpu_codename: Kaby Lake
platform: laptop

igpu: Intel(R) HD Graphics 630
dgpu: none

audio_codec: Intel(R) Display Audio
ethernet_chipset: rtl8111
wifi_chipset: realtek

touchpad_type: ps2
nvme: yes
thunderbolt: no

--- result ---
hackmate_version: v2.0.0
macos_version: macOS Sequoia (15)
worked: build failed
issues: [WinError 3] The system cannot find the path specified: 'Z:\\'
notes: auto-submitted at build completion — confirms the EFI/USB was generated without error, does not confirm the machine actually booted macOS successfully (HackMate exits before that point).
