device: iMac18,3
feature: no_usb (dual boot: windows)
submitted by: (auto-submitted, opt-in)
date: 2026-07-14

--- hardware ---
cpu: Intel(R) Core(TM) i7-7700 CPU @ 3.60GHz
cpu_generation: 7
cpu_codename: Kaby Lake
platform: desktop

igpu: Intel(R) HD Graphics 630
dgpu: none

audio_codec: Realtek
ethernet_chipset: i219
wifi_chipset: realtek

touchpad_type: n/a
nvme: no
thunderbolt: no

--- result ---
hackmate_version: v2.0.0
macos_version: macOS Sequoia (15)
worked: build completed
issues: none
notes: auto-submitted at build completion — confirms the EFI/USB was generated without error, does not confirm the machine actually booted macOS successfully (HackMate exits before that point).
