device: MacBookPro16,1
feature: full (dual boot: both)
submitted by: (auto-submitted, opt-in)
date: 2026-07-15

--- hardware ---
cpu: Intel(R) Core(TM) i7-7700HQ CPU @ 2.80GHz
cpu_generation: 7
cpu_codename: Kaby Lake
platform: laptop

igpu: Intel Corporation Kaby Lake-H GT2
dgpu: NVIDIA Corporation GP106M (nvidia)

audio_codec: Realtek ALC898
ethernet_chipset: 
wifi_chipset: 

touchpad_type: i2c
nvme: yes
thunderbolt: no

--- result ---
hackmate_version: v2.0.0
macos_version: macOS Sequoia (15)
worked: build completed
issues: none
notes: auto-submitted at build completion — confirms the EFI/USB was generated without error, does not confirm the machine actually booted macOS successfully (HackMate exits before that point).
