device: iMac18,3
feature: full
submitted by: (auto-submitted, opt-in)
date: 2026-07-15

--- hardware ---
cpu: Intel(R) Core(TM) i3-7100 CPU @ 3.90GHz
cpu_generation: 7
cpu_codename: Kaby Lake
platform: desktop

igpu: Intel(R) HD Graphics 630
dgpu: none

audio_codec: Sonido Intel(R) para pantallas
ethernet_chipset: rtl8111
wifi_chipset: 

touchpad_type: ps2
nvme: no
thunderbolt: no

--- result ---
hackmate_version: v2.0.0
macos_version: macOS Sonoma (14)
worked: build completed
issues: none
notes: auto-submitted at build completion — confirms the EFI/USB was generated without error, does not confirm the machine actually booted macOS successfully (HackMate exits before that point).
