device: MacBookPro16,1
feature: full
submitted by: (auto-submitted, opt-in)
date: 2026-07-15

--- hardware ---
cpu: Intel(R) Core(TM) i7-7500U CPU @ 2.70GHz
cpu_generation: 7
cpu_codename: Kaby Lake
platform: laptop

igpu: Intel Corporation Kaby Lake-U GT2
dgpu: none

audio_codec: Realtek ALC298
ethernet_chipset: i219
wifi_chipset: intel

touchpad_type: i2c
nvme: yes
thunderbolt: no

--- result ---
hackmate_version: v2.0.0
macos_version: macOS Tahoe (26)
worked: build completed
issues: none
notes: auto-submitted at build completion — confirms the EFI/USB was generated without error, does not confirm the machine actually booted macOS successfully (HackMate exits before that point).
