device: MacBookPro16,1
feature: full
submitted by: (auto-submitted, opt-in)
date: 2026-07-15

--- hardware ---
cpu: AMD Ryzen 7 5700U with Radeon Graphics
cpu_generation: 11
cpu_codename: Zen 3
platform: laptop

igpu: AMD (0x1002)
dgpu: none

audio_codec: 
ethernet_chipset: 
wifi_chipset: 

touchpad_type: i2c
nvme: no
thunderbolt: no

--- result ---
hackmate_version: v2.0.0
macos_version: macOS Sonoma (14)
worked: build completed
issues: none
notes: auto-submitted at build completion — confirms the EFI/USB was generated without error, does not confirm the machine actually booted macOS successfully (HackMate exits before that point).
