device: MacBookPro16,1
feature: efi_health_check
submitted by: (auto-submitted, opt-in)
date: 2026-07-15

--- hardware ---
cpu: 11th Gen Intel(R) Core(TM) i5-1135G7 @ 2.40GHz
cpu_generation: 11
cpu_codename: Tiger Lake
platform: laptop

igpu: Intel(R) Iris(R) Xe Graphics
dgpu: none

audio_codec: Realtek
ethernet_chipset: i219
wifi_chipset: intel

touchpad_type: i2c
nvme: yes
thunderbolt: yes

--- result ---
hackmate_version: v2.0.0
macos_version: n/a (existing EFI audit)
worked: build failed
issues: BOOTx64.efi is missing; OpenCore.efi is missing; ACPI table missing: SSDT-PLUG.aml; ACPI table missing: SSDT-GPRW.aml; ACPI table missing: SSDT-EC-USBX.aml; ACPI table missing: SSDT-PNLF.aml; Orphaned ACPI rename: GPRW to XGPR; No USB port map
notes: auto-submitted at build completion — confirms the EFI/USB was generated without error, does not confirm the machine actually booted macOS successfully (HackMate exits before that point).
