device: MacBookPro16,2
feature: full (dual boot: windows)
submitted by: (auto-submitted, opt-in)
date: 2026-07-15

--- hardware ---
cpu: Intel(R) Core(TM) i5-10210U CPU @ 1.60GHz
cpu_generation: 10
cpu_codename: Ice Lake / Comet Lake
platform: laptop

igpu: Intel(R) UHD Graphics
dgpu: none

audio_codec: Intel(R) Display Audio
ethernet_chipset: 
wifi_chipset: 

touchpad_type: i2c
nvme: yes
thunderbolt: yes

--- result ---
hackmate_version: v2.0.0
macos_version: macOS Tahoe (26)
worked: build completed
issues: none
notes: auto-submitted at build completion — confirms the EFI/USB was generated without error, does not confirm the machine actually booted macOS successfully (HackMate exits before that point).
