device: iMac20,1
feature: efi_health_check
submitted by: (auto-submitted, opt-in)
date: 2026-07-14

--- hardware ---
cpu: Intel(R) Core(TM) i3-10100F CPU @ 3.60GHz
cpu_generation: 10
cpu_codename: Ice Lake / Comet Lake
platform: desktop

igpu: Advanced Micro Devices, Inc.
dgpu: none

audio_codec: Realtek ALC897
ethernet_chipset: rtl8111
wifi_chipset: 

touchpad_type: n/a
nvme: yes
thunderbolt: no

--- result ---
hackmate_version: v2.0.0
macos_version: n/a (existing EFI audit)
worked: build failed
issues: RealtekRTL8111.kext has no readable Info.plist; USB ports are not mapped
notes: auto-submitted at build completion — confirms the EFI/USB was generated without error, does not confirm the machine actually booted macOS successfully (HackMate exits before that point).
