device: iMac19,1
feature: no_usb
submitted by: (auto-submitted, opt-in)
date: 2026-07-14

--- hardware ---
cpu: Intel(R) Core(TM) i7-9700K CPU @ 3.60GHz
cpu_generation: 9
cpu_codename: Coffee Lake Refresh
platform: desktop

igpu: Intel(R) UHD Graphics 630
dgpu: none

audio_codec: P‚riph‚rique audio USB
ethernet_chipset: rtl8111
wifi_chipset: intel

touchpad_type: n/a
nvme: yes
thunderbolt: no

--- result ---
hackmate_version: v2.0.0
macos_version: macOS Tahoe (26)
worked: build completed
issues: none
notes: auto-submitted at build completion — confirms the EFI/USB was generated without error, does not confirm the machine actually booted macOS successfully (HackMate exits before that point).
