device: MacBookPro12,1
feature: full
submitted by: (auto-submitted, opt-in)
date: 2026-07-15

--- hardware ---
cpu: Intel(R) Core(TM) i5-5300U CPU @ 2.30GHz
cpu_generation: 5
cpu_codename: Broadwell
platform: laptop

igpu: Intel Corporation HD Graphics 5500
dgpu: none

audio_codec: Realtek ALC3232
ethernet_chipset: i219
wifi_chipset: intel

touchpad_type: i2c
nvme: no
thunderbolt: no

--- result ---
hackmate_version: v2.0.0
macos_version: macOS Monterey (12)
worked: build completed
issues: none
notes: auto-submitted at build completion — confirms the EFI/USB was generated without error, does not confirm the machine actually booted macOS successfully (HackMate exits before that point).
