device: MacBookPro9,2
feature: full
submitted by: (auto-submitted, opt-in)
date: 2026-07-15

--- hardware ---
cpu: Intel Ivy Bridge
cpu_generation: 3
cpu_codename: Ivy Bridge
platform: laptop

igpu: Auto / same as CPU iGPU
dgpu: none

audio_codec: 
ethernet_chipset: 
wifi_chipset: 

touchpad_type: ps2
nvme: yes
thunderbolt: no

--- result ---
hackmate_version: v2.0.0
macos_version: macOS Mojave (10.14)
worked: build completed
issues: none
notes: auto-submitted at build completion — confirms the EFI/USB was generated without error, does not confirm the machine actually booted macOS successfully (HackMate exits before that point).
