device: iMac19,1
feature: full (dual boot: linux)
submitted by: (auto-submitted, opt-in)
date: 2026-07-15

--- hardware ---
cpu: AMD Eng Sample
cpu_generation: 8
cpu_codename: AMD (unknown)
platform: desktop

igpu: Advanced Micro Devices, Inc.
dgpu: none

audio_codec: ATI R6xx HDMI
ethernet_chipset: rtl8111
wifi_chipset: intel

touchpad_type: n/a
nvme: yes
thunderbolt: no

--- result ---
hackmate_version: v2.0.0
macos_version: macOS Ventura (13)
worked: build completed
issues: none
notes: auto-submitted at build completion — confirms the EFI/USB was generated without error, does not confirm the machine actually booted macOS successfully (HackMate exits before that point).
