device: MacBookPro15,2
feature: no_usb
submitted by: (auto-submitted, opt-in)
date: 2026-07-14

--- hardware ---
cpu: Intel(R) Core(TM) i5-8350U CPU @ 1.70GHz
cpu_generation: 8
cpu_codename: Coffee Lake
platform: laptop

igpu: Intel UHD Graphics 620
dgpu: none

audio_codec: 
ethernet_chipset: 
wifi_chipset: 

touchpad_type: i2c
nvme: no
thunderbolt: no

--- result ---
hackmate_version: v2.0.0
macos_version: macOS Tahoe (26)
worked: build completed
issues: none
notes: auto-submitted at build completion — confirms the EFI/USB was generated without error, does not confirm the machine actually booted macOS successfully (HackMate exits before that point).
