device: iMac20,1
feature: full
submitted by: (auto-submitted, opt-in)
date: 2026-07-15

--- hardware ---
cpu: AMD Ryzen 5 3600 6-Core Processor
cpu_generation: 10
cpu_codename: Zen 2
platform: desktop

igpu: NVIDIA GeForce GTX 1070
dgpu: none

audio_codec: High Definition Audio Device
ethernet_chipset: rtl8111
wifi_chipset: 

touchpad_type: n/a
nvme: no
thunderbolt: no

--- result ---
hackmate_version: v2.0.0
macos_version: macOS Big Sur (11)
worked: build completed
issues: none
notes: auto-submitted at build completion — confirms the EFI/USB was generated without error, does not confirm the machine actually booted macOS successfully (HackMate exits before that point).
