device: iMac20,1
feature: skip_format
submitted by: (auto-submitted, opt-in)
date: 2026-07-14

--- hardware ---
cpu: Intel(R) Core(TM) i5-1035G1 CPU @ 1.00GHz
cpu_generation: 10
cpu_codename: Ice Lake / Comet Lake
platform: desktop

igpu: Intel Corporation Iris Plus Graphics G1 (Ice Lake)
dgpu: NVIDIA Corporation GP108M (nvidia)

audio_codec: Realtek ALC3204
ethernet_chipset: rtl8111
wifi_chipset: atheros

touchpad_type: n/a
nvme: no
thunderbolt: no

--- result ---
hackmate_version: v2.0.0
macos_version: macOS Sequoia (15)
worked: build failed
issues: Failed to mount /dev/sda1
notes: auto-submitted at build completion — confirms the EFI/USB was generated without error, does not confirm the machine actually booted macOS successfully (HackMate exits before that point).
