device: MacBookPro16,2
feature: skip_format
submitted by: (auto-submitted, opt-in)
date: 2026-07-15

--- hardware ---
cpu: Intel(R) Core(TM) i7-10875H CPU @ 2.30GHz
cpu_generation: 10
cpu_codename: Comet Lake
platform: laptop

igpu: Intel(R) UHD Graphics
dgpu: NVIDIA Quadro T2000 with Max-Q Design (nvidia)

audio_codec: Realtek
ethernet_chipset: 
wifi_chipset: intel

touchpad_type: i2c
nvme: no
thunderbolt: yes

--- result ---
hackmate_version: v2.0.0
macos_version: macOS Sequoia (15)
worked: build completed
issues: none
notes: auto-submitted at build completion — confirms the EFI/USB was generated without error, does not confirm the machine actually booted macOS successfully (HackMate exits before that point).
