device: MacBookPro16,2
feature: full
submitted by: (auto-submitted, opt-in)
date: 2026-07-15

--- hardware ---
cpu: Intel(R) Core(TM) i5-10310U CPU @ 1.70GHz
cpu_generation: 10
cpu_codename: Comet Lake
platform: laptop

igpu: Intel(R) UHD Graphics
dgpu: none

audio_codec: Realtek
ethernet_chipset: i219
wifi_chipset: intel

touchpad_type: i2c
nvme: yes
thunderbolt: no

--- result ---
hackmate_version: v2.0.0
macos_version: macOS Sequoia (15)
worked: build failed
issues: Drive letter Z: is already in use by another drive on this system (network share, another disk, etc). Free it up — disconnect or unmap whatever's using Z: — then try again.
notes: auto-submitted at build completion — confirms the EFI/USB was generated without error, does not confirm the machine actually booted macOS successfully (HackMate exits before that point).
