device: MacBookPro15,2
feature: no_usb
submitted by: (auto-submitted, opt-in)
date: 2026-07-14

--- hardware ---
cpu: AMD A6-9220C RADEON R5, 5 COMPUTE CORES 2C+3G
cpu_generation: 8
cpu_codename: AMD (unknown)
platform: laptop

igpu: Advanced Micro Devices, Inc.
dgpu: none

audio_codec: ATI R6xx HDMI
ethernet_chipset: 
wifi_chipset: atheros

touchpad_type: n/a
nvme: no
thunderbolt: no

--- result ---
hackmate_version: v2.0.0
macos_version: macOS Tahoe (26)
worked: build completed
issues: none
notes: auto-submitted at build completion — confirms the EFI/USB was generated without error, does not confirm the machine actually booted macOS successfully (HackMate exits before that point).
