device: MacBookPro15,2
feature: skip_format
submitted by: (auto-submitted, opt-in)
date: 2026-07-16

--- hardware ---
cpu: Intel(R) Core(TM) i7-8650U CPU @ 1.90GHz
cpu_generation: 8
cpu_codename: Coffee Lake
platform: laptop

igpu: Intel(R) UHD Graphics 620
dgpu: none

audio_codec: Realtek
ethernet_chipset: 
wifi_chipset: intel

touchpad_type: i2c
nvme: yes
thunderbolt: no

--- result ---
hackmate_version: v2.0.0
macos_version: macOS Tahoe (26)
worked: build failed
issues: Recovery download failed: macrecovery exited with code 1
notes: auto-submitted at build completion — confirms the EFI/USB was generated without error, does not confirm the machine actually booted macOS successfully (HackMate exits before that point).
