device: MacBookPro13,1
feature: skip_format
submitted by: (auto-submitted, opt-in)
date: 2026-07-15

--- hardware ---
cpu: Intel(R) Core(TM) i7-6600U CPU @ 2.60GHz
cpu_generation: 6
cpu_codename: Skylake
platform: laptop

igpu: Intel(R) HD Graphics 520
dgpu: none

audio_codec: Realtek
ethernet_chipset: i219
wifi_chipset: intel

touchpad_type: ps2
nvme: no
thunderbolt: no

--- result ---
hackmate_version: v2.0.0
macos_version: macOS Catalina (10.15)
worked: build completed
issues: none
notes: auto-submitted at build completion — confirms the EFI/USB was generated without error, does not confirm the machine actually booted macOS successfully (HackMate exits before that point).
