device: MacPro7,1
feature: full
submitted by: (auto-submitted, opt-in)
date: 2026-07-16

--- hardware ---
cpu: AMD Ryzen 7 9800X3D 8-Core Processor
cpu_generation: 12
cpu_codename: Zen 5
platform: desktop

igpu: AMD Radeon RX 9060 XT
dgpu: none

audio_codec: AMD Streaming Audio Device
ethernet_chipset: rtl8111
wifi_chipset: realtek

touchpad_type: n/a
nvme: yes
thunderbolt: no

--- result ---
hackmate_version: v2.0.0
macos_version: macOS Tahoe (26)
worked: build failed
issues: Could not resolve disk number for drive Z: — the USB may be RAW with no drive letter. Open Disk Management, format the USB as FAT32, then use the 'Already Formatted' button.
notes: auto-submitted at build completion — confirms the EFI/USB was generated without error, does not confirm the machine actually booted macOS successfully (HackMate exits before that point).
