device: MacBookPro13,1
feature: no_usb (dual boot: linux)
submitted by: (auto-submitted, opt-in)
date: 2026-07-14

--- hardware ---
cpu: Intel(R) Core(TM) i5-6300U CPU @ 2.40GHz
cpu_generation: 6
cpu_codename: Skylake
platform: laptop

igpu: Intel Corporation Skylake-U GT2
dgpu: none

audio_codec: 8086:9d70
ethernet_chipset: i219
wifi_chipset: intel

touchpad_type: i2c
nvme: no
thunderbolt: no

--- result ---
hackmate_version: v2.0.0
macos_version: macOS Ventura (13)
worked: build completed
issues: none
notes: auto-submitted at build completion — confirms the EFI/USB was generated without error, does not confirm the machine actually booted macOS successfully (HackMate exits before that point).
