device: iMac19,1
feature: full
submitted by: (auto-submitted, opt-in)
date: 2026-07-15

--- hardware ---
cpu: Intel(R) Core(TM) i3-9100F CPU @ 3.60GHz
cpu_generation: 9
cpu_codename: Coffee Lake Refresh
platform: desktop

igpu: NVIDIA GeForce GT 1030
dgpu: none

audio_codec: NVIDIA High Definition Audio
ethernet_chipset: rtl8111
wifi_chipset: 

touchpad_type: n/a
nvme: no
thunderbolt: no

--- result ---
hackmate_version: v2.0.0
macos_version: macOS Sonoma (14)
worked: build completed
issues: none
notes: auto-submitted at build completion — confirms the EFI/USB was generated without error, does not confirm the machine actually booted macOS successfully (HackMate exits before that point).
