device: MacBookPro16,1
feature: full
submitted by: (auto-submitted, opt-in)
date: 2026-07-14

--- hardware ---
cpu: Intel(R) Core(TM) Ultra 7 155H
cpu_generation: 15
cpu_codename: Arrow Lake
platform: laptop

igpu: Intel(R) Arc(TM) Graphics
dgpu: none

audio_codec: Intelr Smart Sound Technology for Digital Microphones
ethernet_chipset: 
wifi_chipset: intel

touchpad_type: i2c
nvme: yes
thunderbolt: no

--- result ---
hackmate_version: v2.0.0
macos_version: macOS Sonoma (14)
worked: build failed
issues: diskpart failed after 3 attempts:
Microsoft DiskPart version 10.0.26100.1150

Copyright (C) Microsoft Corporation.
On computer: DESKTOP-QGUB5ML

Disk 1 is now the selected disk.

DiskPart succeeded in cleaning the disk.

DiskPart succeeded in creating the specified partition.

Partition 1 is now the selected partition.

There is no volume selected.
Please select a volume and try again.
notes: auto-submitted at build completion — confirms the EFI/USB was generated without error, does not confirm the machine actually booted macOS successfully (HackMate exits before that point).
