device: MacBookPro11,1
feature: full
submitted by: (auto-submitted, opt-in)
date: 2026-07-14

--- hardware ---
cpu: Intel(R) Core(TM) i5-4210U CPU @ 1.70GHz
cpu_generation: 4
cpu_codename: Haswell
platform: laptop

igpu: Intel Corporation Haswell-ULT Integrated Graphics Controller
dgpu: none

audio_codec: Intel Haswell HDMI
ethernet_chipset: rtl8111
wifi_chipset: atheros

touchpad_type: n/a
nvme: no
thunderbolt: no

--- result ---
hackmate_version: v2.0.0
macos_version: macOS Big Sur (11)
worked: build completed
issues: none
notes: auto-submitted at build completion — confirms the EFI/USB was generated without error, does not confirm the machine actually booted macOS successfully (HackMate exits before that point).
