device: MacBookPro8,1
feature: full (dual boot: windows)
submitted by: (auto-submitted, opt-in)
date: 2026-07-15

--- hardware ---
cpu: Intel Sandy Bridge
cpu_generation: 2
cpu_codename: Sandy Bridge
platform: laptop

igpu: Auto / same as CPU iGPU
dgpu: none

audio_codec: 
ethernet_chipset: 
wifi_chipset: 

touchpad_type: ps2
nvme: yes
thunderbolt: no

--- result ---
hackmate_version: v2.0.0
macos_version: macOS High Sierra (10.13)
worked: build completed
issues: none
notes: auto-submitted at build completion — confirms the EFI/USB was generated without error, does not confirm the machine actually booted macOS successfully (HackMate exits before that point).
