device: iMac19,1
feature: full
submitted by: (auto-submitted, opt-in)
date: 2026-07-14

--- hardware ---
cpu: Intel(R) Core(TM) i7-8700 CPU @ 3.20GHz
cpu_generation: 8
cpu_codename: Coffee Lake
platform: desktop

igpu: Intel(R) UHD Graphics 630
dgpu: none

audio_codec: High Definition Audio Device
ethernet_chipset: rtl8111
wifi_chipset: 

touchpad_type: n/a
nvme: yes
thunderbolt: no

--- result ---
hackmate_version: v2.0.0
macos_version: macOS Tahoe (26)
worked: build failed
issues: diskpart failed (code 2147942487):
Microsoft DiskPart version 10.0.26100.1150

Copyright (C) Microsoft Corporation.
On computer: XE3_PC

Disk 1 is now the selected disk.

DiskPart succeeded in cleaning the disk.

DiskPart succeeded in creating the specified partition.

Partition 1 is now the selected partition.

There is no volume selected.
Please select a volume and try again.
notes: auto-submitted at build completion — confirms the EFI/USB was generated without error, does not confirm the machine actually booted macOS successfully (HackMate exits before that point).
