device: MacBookPro13,1
feature: full
submitted by: (auto-submitted, opt-in)
date: 2026-07-14

--- hardware ---
cpu: Intel(R) Core(TM) i7-6600U CPU @ 2.60GHz
cpu_generation: 6
cpu_codename: Skylake
platform: laptop

igpu: Intel(R) HD Graphics 520
dgpu: none

audio_codec: Realtek
ethernet_chipset: i219
wifi_chipset: intel

touchpad_type: ps2
nvme: no
thunderbolt: no

--- result ---
hackmate_version: v2.0.0
macos_version: macOS Monterey (12)
worked: build failed
issues: diskpart failed after 3 attempts:
Microsoft DiskPart version 10.0.26100.1150

Copyright (C) Microsoft Corporation.
On computer: DESKTOP-QN6J37T

Disk 1 is now the selected disk.

DiskPart succeeded in cleaning the disk.

DiskPart succeeded in creating the specified partition.

Partition 1 is now the selected partition.

There is no volume selected.
Please select a volume and try again.
notes: auto-submitted at build completion — confirms the EFI/USB was generated without error, does not confirm the machine actually booted macOS successfully (HackMate exits before that point).
