device: MacPro7,1
feature: full (dual boot: windows)
submitted by: (auto-submitted, opt-in)
date: 2026-07-15

--- hardware ---
cpu: AMD Ryzen 7 9800X3D 8-Core Processor
cpu_generation: 12
cpu_codename: Zen 5
platform: desktop

igpu: AMD Radeon RX 9070 XT
dgpu: none

audio_codec: Realtek
ethernet_chipset: i225
wifi_chipset: intel

touchpad_type: n/a
nvme: yes
thunderbolt: no

--- result ---
hackmate_version: v2.0.0
macos_version: macOS Tahoe (26)
worked: build completed
issues: none
notes: auto-submitted at build completion — confirms the EFI/USB was generated without error, does not confirm the machine actually booted macOS successfully (HackMate exits before that point).
