device: MacBookPro16,1
feature: full (dual boot: linux)
submitted by: (auto-submitted, opt-in)
date: 2026-07-15

--- hardware ---
cpu: AMD Ryzen 7 7735HS with Radeon Graphics
cpu_generation: 12
cpu_codename: Zen 4
platform: laptop

igpu: Advanced Micro Devices, Inc.
dgpu: none

audio_codec: ATI R6xx HDMI
ethernet_chipset: 
wifi_chipset: realtek

touchpad_type: n/a
nvme: yes
thunderbolt: no

--- result ---
hackmate_version: v2.0.0
macos_version: macOS Tahoe (26)
worked: build completed
issues: none
notes: auto-submitted at build completion — confirms the EFI/USB was generated without error, does not confirm the machine actually booted macOS successfully (HackMate exits before that point).
