device: MacPro7,1
feature: skip_format (dual boot: windows)
submitted by: (auto-submitted, opt-in)
date: 2026-07-14

--- hardware ---
cpu: AMD Ryzen 7 7800X3D 8-Core Processor
cpu_generation: 12
cpu_codename: Zen 4
platform: desktop

igpu: AMD Radeon(TM) Graphics
dgpu: none

audio_codec: Steam Streaming Microphone
ethernet_chipset: rtl8111
wifi_chipset: realtek

touchpad_type: n/a
nvme: yes
thunderbolt: no

--- result ---
hackmate_version: v2.0.0
macos_version: macOS Tahoe (26)
worked: build completed
issues: none
notes: auto-submitted at build completion — confirms the EFI/USB was generated without error, does not confirm the machine actually booted macOS successfully (HackMate exits before that point).
