device: MacBookPro13,1
feature: repair
submitted by: (auto-submitted, opt-in)
date: 2026-07-14

--- hardware ---
cpu: Intel(R) Core(TM) i5-6200U CPU @ 2.30GHz
cpu_generation: 6
cpu_codename: Skylake
platform: laptop

igpu: Intel(R) HD Graphics 520
dgpu: none

audio_codec: Realtek
ethernet_chipset: 
wifi_chipset: intel

touchpad_type: i2c
nvme: no
thunderbolt: no

--- result ---
hackmate_version: v2.0.0
macos_version: macOS Ventura (13)
worked: build failed
issues: 'Z:\\EFI\\OC\\config.plist' is not in the subpath of 'Z:'
notes: auto-submitted at build completion — confirms the EFI/USB was generated without error, does not confirm the machine actually booted macOS successfully (HackMate exits before that point).
