device: MacBookPro13,1
feature: efi_health_check
submitted by: (auto-submitted, opt-in)
date: 2026-07-15

--- hardware ---
cpu: Intel(R) Core(TM) i5-6300U CPU @ 2.40GHz
cpu_generation: 6
cpu_codename: Skylake
platform: laptop

igpu: Intel Corporation Skylake GT2
dgpu: none

audio_codec: Realtek ALC298
ethernet_chipset: i219
wifi_chipset: intel

touchpad_type: i2c
nvme: yes
thunderbolt: no

--- result ---
hackmate_version: dev
macos_version: n/a (existing EFI audit)
worked: partial
issues: USB ports are not mapped
notes: auto-submitted at build completion — confirms the EFI/USB was generated without error, does not confirm the machine actually booted macOS successfully (HackMate exits before that point).
