device: MacBookPro11,1
feature: full (dual boot: linux)
submitted by: (auto-submitted, opt-in)
date: 2026-07-15

--- hardware ---
cpu: Intel(R) Core(TM) i5-4310U CPU @ 2.00GHz
cpu_generation: 4
cpu_codename: Haswell
platform: laptop

igpu: Intel Corporation Haswell-ULT Integrated Graphics Controller
dgpu: none

audio_codec: Intel Haswell HDMI
ethernet_chipset: i219
wifi_chipset: intel

touchpad_type: n/a
nvme: no
thunderbolt: no

--- result ---
hackmate_version: dev
macos_version: macOS Big Sur (11)
worked: build completed
issues: none
notes: auto-submitted at build completion — confirms the EFI/USB was generated without error, does not confirm the machine actually booted macOS successfully (HackMate exits before that point).
